  Game.cpp
D:\cpp\Spaceshooter\Spaceshooter\Game.cpp(152,75): warning C4244: 'argument': conversion from 'double' to 'T', possible loss of data
          with
          [
              T=float
          ]
D:\cpp\Spaceshooter\Spaceshooter\Game.cpp(152,39): warning C4244: 'argument': conversion from 'double' to 'T', possible loss of data
          with
          [
              T=float
          ]
D:\cpp\Spaceshooter\Spaceshooter\Game.cpp(164,29): warning C4305: 'initializing': truncation from 'double' to 'float'
D:\cpp\Spaceshooter\Spaceshooter\Game.cpp(176,18): warning C4018: '<': signed/unsigned mismatch
D:\cpp\Spaceshooter\Spaceshooter\Game.cpp(187,30): warning C4305: 'initializing': truncation from 'double' to 'float'
D:\cpp\Spaceshooter\Spaceshooter\Game.cpp(298,20): warning C4018: '<': signed/unsigned mismatch
D:\cpp\Spaceshooter\Spaceshooter\Game.cpp(305,21): warning C4018: '<': signed/unsigned mismatch
D:\cpp\Spaceshooter\Spaceshooter\Game.cpp(378,20): warning C4018: '<': signed/unsigned mismatch
D:\cpp\Spaceshooter\Spaceshooter\Game.cpp(380,21): warning C4018: '<': signed/unsigned mismatch
D:\cpp\Spaceshooter\Spaceshooter\Game.cpp(455,20): warning C4018: '<': signed/unsigned mismatch
  Spaceshooter.vcxproj -> D:\cpp\Spaceshooter\Debug\Spaceshooter.exe
