  Asteroid.cpp
  Bullet.cpp
  Enemy.cpp
D:\cpp\Spaceshooter\Spaceshooter\Enemy.cpp(62,75): warning C4244: 'argument': conversion from 'double' to 'T', possible loss of data
          with
          [
              T=float
          ]
D:\cpp\Spaceshooter\Spaceshooter\Enemy.cpp(62,39): warning C4244: 'argument': conversion from 'double' to 'T', possible loss of data
          with
          [
              T=float
          ]
  Game.cpp
D:\cpp\Spaceshooter\Spaceshooter\Game.cpp(152,75): warning C4244: 'argument': conversion from 'double' to 'T', possible loss of data
          with
          [
              T=float
          ]
D:\cpp\Spaceshooter\Spaceshooter\Game.cpp(152,39): warning C4244: 'argument': conversion from 'double' to 'T', possible loss of data
          with
          [
              T=float
          ]
D:\cpp\Spaceshooter\Spaceshooter\Game.cpp(164,29): warning C4305: 'initializing': truncation from 'double' to 'float'
D:\cpp\Spaceshooter\Spaceshooter\Game.cpp(176,18): warning C4018: '<': signed/unsigned mismatch
D:\cpp\Spaceshooter\Spaceshooter\Game.cpp(187,30): warning C4305: 'initializing': truncation from 'double' to 'float'
D:\cpp\Spaceshooter\Spaceshooter\Game.cpp(298,20): warning C4018: '<': signed/unsigned mismatch
D:\cpp\Spaceshooter\Spaceshooter\Game.cpp(305,21): warning C4018: '<': signed/unsigned mismatch
D:\cpp\Spaceshooter\Spaceshooter\Game.cpp(378,20): warning C4018: '<': signed/unsigned mismatch
D:\cpp\Spaceshooter\Spaceshooter\Game.cpp(380,21): warning C4018: '<': signed/unsigned mismatch
D:\cpp\Spaceshooter\Spaceshooter\Game.cpp(455,20): warning C4018: '<': signed/unsigned mismatch
  main.cpp
D:\cpp\Spaceshooter\Spaceshooter\main.cpp(28,51): warning C4244: 'argument': conversion from 'T' to 'float', possible loss of data
          with
          [
              T=unsigned int
          ]
D:\cpp\Spaceshooter\Spaceshooter\main.cpp(28,31): warning C4244: 'argument': conversion from 'T' to 'float', possible loss of data
          with
          [
              T=unsigned int
          ]
  Menu.cpp
  Player.cpp
  Generating code
  Previous IPDB not found, fall back to full compilation.
  All 495 functions were compiled because no usable IPDB/IOBJ from previous compilation was found.
  Finished generating code
  Spaceshooter.vcxproj -> D:\cpp\Spaceshooter\Release\Spaceshooter.exe
